----------------------------------------------------------------
Fri Jul 12 21:01:19 MDT 2013:
Booting Derby version The Apache Software Foundation - Apache Derby - 10.10.1.1 - (1458268): instance a816c00e-013f-d5f9-b3d1-000003c543c0 
on database directory memory:/Users/atrimble/Software/CTAMS/CTAMSCommon/ctams_test with class loader sun.misc.Launcher$AppClassLoader@5e7d093a 
Loaded from file:/Users/atrimble/.m2/repository/org/apache/derby/derby/10.10.1.1/derby-10.10.1.1.jar
java.vendor=Oracle Corporation
java.runtime.version=1.7.0_17-b02
user.dir=/Users/atrimble/Software/CTAMS/CTAMSCommon
os.name=Mac OS X
os.arch=x86_64
os.version=10.8.4
derby.system.home=null
Database Class Loader started - derby.database.classpath=''
----------------------------------------------------------------
Fri Jul 12 21:01:21 MDT 2013:
Shutting down instance a816c00e-013f-d5f9-b3d1-000003c543c0 on database directory memory:/Users/atrimble/Software/CTAMS/CTAMSCommon/ctams_test with class loader sun.misc.Launcher$AppClassLoader@5e7d093a 
----------------------------------------------------------------
Fri Jul 12 21:01:21 MDT 2013:
Booting Derby version The Apache Software Foundation - Apache Derby - 10.10.1.1 - (1458268): instance 207981bd-013f-d5f9-b3d1-000003c543c0 
on database directory memory:/Users/atrimble/Software/CTAMS/CTAMSCommon/ctams_test with class loader sun.misc.Launcher$AppClassLoader@5e7d093a 
Loaded from file:/Users/atrimble/.m2/repository/org/apache/derby/derby/10.10.1.1/derby-10.10.1.1.jar
java.vendor=Oracle Corporation
java.runtime.version=1.7.0_17-b02
user.dir=/Users/atrimble/Software/CTAMS/CTAMSCommon
os.name=Mac OS X
os.arch=x86_64
os.version=10.8.4
derby.system.home=null
Database Class Loader started - derby.database.classpath=''
----------------------------------------------------------------
Fri Jul 12 21:01:22 MDT 2013:
Shutting down instance 207981bd-013f-d5f9-b3d1-000003c543c0 on database directory memory:/Users/atrimble/Software/CTAMS/CTAMSCommon/ctams_test with class loader sun.misc.Launcher$AppClassLoader@5e7d093a 
----------------------------------------------------------------
Fri Jul 12 21:01:22 MDT 2013:
Booting Derby version The Apache Software Foundation - Apache Derby - 10.10.1.1 - (1458268): instance 1a6702f9-013f-d5f9-b3d1-000003c543c0 
on database directory memory:/Users/atrimble/Software/CTAMS/CTAMSCommon/ctams_test with class loader sun.misc.Launcher$AppClassLoader@5e7d093a 
Loaded from file:/Users/atrimble/.m2/repository/org/apache/derby/derby/10.10.1.1/derby-10.10.1.1.jar
java.vendor=Oracle Corporation
java.runtime.version=1.7.0_17-b02
user.dir=/Users/atrimble/Software/CTAMS/CTAMSCommon
os.name=Mac OS X
os.arch=x86_64
os.version=10.8.4
derby.system.home=null
Database Class Loader started - derby.database.classpath=''
----------------------------------------------------------------
Fri Jul 12 21:01:23 MDT 2013:
Shutting down instance 1a6702f9-013f-d5f9-b3d1-000003c543c0 on database directory memory:/Users/atrimble/Software/CTAMS/CTAMSCommon/ctams_test with class loader sun.misc.Launcher$AppClassLoader@5e7d093a 
----------------------------------------------------------------
Fri Jul 12 21:01:23 MDT 2013:
Booting Derby version The Apache Software Foundation - Apache Derby - 10.10.1.1 - (1458268): instance 75d88435-013f-d5f9-b3d1-000003c543c0 
on database directory memory:/Users/atrimble/Software/CTAMS/CTAMSCommon/ctams_test with class loader sun.misc.Launcher$AppClassLoader@5e7d093a 
Loaded from file:/Users/atrimble/.m2/repository/org/apache/derby/derby/10.10.1.1/derby-10.10.1.1.jar
java.vendor=Oracle Corporation
java.runtime.version=1.7.0_17-b02
user.dir=/Users/atrimble/Software/CTAMS/CTAMSCommon
os.name=Mac OS X
os.arch=x86_64
os.version=10.8.4
derby.system.home=null
Database Class Loader started - derby.database.classpath=''
----------------------------------------------------------------
Fri Jul 12 21:01:24 MDT 2013:
Shutting down instance 75d88435-013f-d5f9-b3d1-000003c543c0 on database directory memory:/Users/atrimble/Software/CTAMS/CTAMSCommon/ctams_test with class loader sun.misc.Launcher$AppClassLoader@5e7d093a 
----------------------------------------------------------------
Fri Jul 12 21:01:24 MDT 2013:
Booting Derby version The Apache Software Foundation - Apache Derby - 10.10.1.1 - (1458268): instance f8408575-013f-d5f9-b3d1-000003c543c0 
on database directory memory:/Users/atrimble/Software/CTAMS/CTAMSCommon/ctams_test with class loader sun.misc.Launcher$AppClassLoader@5e7d093a 
Loaded from file:/Users/atrimble/.m2/repository/org/apache/derby/derby/10.10.1.1/derby-10.10.1.1.jar
java.vendor=Oracle Corporation
java.runtime.version=1.7.0_17-b02
user.dir=/Users/atrimble/Software/CTAMS/CTAMSCommon
os.name=Mac OS X
os.arch=x86_64
os.version=10.8.4
derby.system.home=null
Database Class Loader started - derby.database.classpath=''
----------------------------------------------------------------
Fri Jul 12 21:01:24 MDT 2013:
Shutting down instance f8408575-013f-d5f9-b3d1-000003c543c0 on database directory memory:/Users/atrimble/Software/CTAMS/CTAMSCommon/ctams_test with class loader sun.misc.Launcher$AppClassLoader@5e7d093a 
----------------------------------------------------------------
Fri Jul 12 21:01:24 MDT 2013:
Booting Derby version The Apache Software Foundation - Apache Derby - 10.10.1.1 - (1458268): instance 17f606b1-013f-d5f9-b3d1-000003c543c0 
on database directory memory:/Users/atrimble/Software/CTAMS/CTAMSCommon/ctams_test with class loader sun.misc.Launcher$AppClassLoader@5e7d093a 
Loaded from file:/Users/atrimble/.m2/repository/org/apache/derby/derby/10.10.1.1/derby-10.10.1.1.jar
java.vendor=Oracle Corporation
java.runtime.version=1.7.0_17-b02
user.dir=/Users/atrimble/Software/CTAMS/CTAMSCommon
os.name=Mac OS X
os.arch=x86_64
os.version=10.8.4
derby.system.home=null
Database Class Loader started - derby.database.classpath=''
----------------------------------------------------------------
Fri Jul 12 21:01:25 MDT 2013:
Shutting down instance 17f606b1-013f-d5f9-b3d1-000003c543c0 on database directory memory:/Users/atrimble/Software/CTAMS/CTAMSCommon/ctams_test with class loader sun.misc.Launcher$AppClassLoader@5e7d093a 
----------------------------------------------------------------
Fri Jul 12 21:01:25 MDT 2013:
Booting Derby version The Apache Software Foundation - Apache Derby - 10.10.1.1 - (1458268): instance 992f87ed-013f-d5f9-b3d1-000003c543c0 
on database directory memory:/Users/atrimble/Software/CTAMS/CTAMSCommon/ctams_test with class loader sun.misc.Launcher$AppClassLoader@5e7d093a 
Loaded from file:/Users/atrimble/.m2/repository/org/apache/derby/derby/10.10.1.1/derby-10.10.1.1.jar
java.vendor=Oracle Corporation
java.runtime.version=1.7.0_17-b02
user.dir=/Users/atrimble/Software/CTAMS/CTAMSCommon
os.name=Mac OS X
os.arch=x86_64
os.version=10.8.4
derby.system.home=null
Database Class Loader started - derby.database.classpath=''
----------------------------------------------------------------
Fri Jul 12 21:01:25 MDT 2013:
Shutting down instance 992f87ed-013f-d5f9-b3d1-000003c543c0 on database directory memory:/Users/atrimble/Software/CTAMS/CTAMSCommon/ctams_test with class loader sun.misc.Launcher$AppClassLoader@5e7d093a 
----------------------------------------------------------------
Fri Jul 12 21:01:25 MDT 2013:
Booting Derby version The Apache Software Foundation - Apache Derby - 10.10.1.1 - (1458268): instance a081c92b-013f-d5f9-b3d1-000003c543c0 
on database directory memory:/Users/atrimble/Software/CTAMS/CTAMSCommon/ctams_test with class loader sun.misc.Launcher$AppClassLoader@5e7d093a 
Loaded from file:/Users/atrimble/.m2/repository/org/apache/derby/derby/10.10.1.1/derby-10.10.1.1.jar
java.vendor=Oracle Corporation
java.runtime.version=1.7.0_17-b02
user.dir=/Users/atrimble/Software/CTAMS/CTAMSCommon
os.name=Mac OS X
os.arch=x86_64
os.version=10.8.4
derby.system.home=null
Database Class Loader started - derby.database.classpath=''
----------------------------------------------------------------
Fri Jul 12 21:01:26 MDT 2013:
Shutting down instance a081c92b-013f-d5f9-b3d1-000003c543c0 on database directory memory:/Users/atrimble/Software/CTAMS/CTAMSCommon/ctams_test with class loader sun.misc.Launcher$AppClassLoader@5e7d093a 
----------------------------------------------------------------
Fri Jul 12 21:01:26 MDT 2013:
Booting Derby version The Apache Software Foundation - Apache Derby - 10.10.1.1 - (1458268): instance 65614a67-013f-d5f9-b3d1-000003c543c0 
on database directory memory:/Users/atrimble/Software/CTAMS/CTAMSCommon/ctams_test with class loader sun.misc.Launcher$AppClassLoader@5e7d093a 
Loaded from file:/Users/atrimble/.m2/repository/org/apache/derby/derby/10.10.1.1/derby-10.10.1.1.jar
java.vendor=Oracle Corporation
java.runtime.version=1.7.0_17-b02
user.dir=/Users/atrimble/Software/CTAMS/CTAMSCommon
os.name=Mac OS X
os.arch=x86_64
os.version=10.8.4
derby.system.home=null
Database Class Loader started - derby.database.classpath=''
----------------------------------------------------------------
Fri Jul 12 21:01:26 MDT 2013:
Shutting down instance 65614a67-013f-d5f9-b3d1-000003c543c0 on database directory memory:/Users/atrimble/Software/CTAMS/CTAMSCommon/ctams_test with class loader sun.misc.Launcher$AppClassLoader@5e7d093a 
----------------------------------------------------------------
Fri Jul 12 21:01:26 MDT 2013:
Booting Derby version The Apache Software Foundation - Apache Derby - 10.10.1.1 - (1458268): instance 31968ba5-013f-d5f9-b3d1-000003c543c0 
on database directory memory:/Users/atrimble/Software/CTAMS/CTAMSCommon/ctams_test with class loader sun.misc.Launcher$AppClassLoader@5e7d093a 
Loaded from file:/Users/atrimble/.m2/repository/org/apache/derby/derby/10.10.1.1/derby-10.10.1.1.jar
java.vendor=Oracle Corporation
java.runtime.version=1.7.0_17-b02
user.dir=/Users/atrimble/Software/CTAMS/CTAMSCommon
os.name=Mac OS X
os.arch=x86_64
os.version=10.8.4
derby.system.home=null
Database Class Loader started - derby.database.classpath=''
----------------------------------------------------------------
Fri Jul 12 21:01:27 MDT 2013:
Shutting down instance 31968ba5-013f-d5f9-b3d1-000003c543c0 on database directory memory:/Users/atrimble/Software/CTAMS/CTAMSCommon/ctams_test with class loader sun.misc.Launcher$AppClassLoader@5e7d093a 
----------------------------------------------------------------
Fri Jul 12 21:01:27 MDT 2013:
Booting Derby version The Apache Software Foundation - Apache Derby - 10.10.1.1 - (1458268): instance 9bc58ce4-013f-d5f9-b3d1-000003c543c0 
on database directory memory:/Users/atrimble/Software/CTAMS/CTAMSCommon/ctams_test with class loader sun.misc.Launcher$AppClassLoader@5e7d093a 
Loaded from file:/Users/atrimble/.m2/repository/org/apache/derby/derby/10.10.1.1/derby-10.10.1.1.jar
java.vendor=Oracle Corporation
java.runtime.version=1.7.0_17-b02
user.dir=/Users/atrimble/Software/CTAMS/CTAMSCommon
os.name=Mac OS X
os.arch=x86_64
os.version=10.8.4
derby.system.home=null
Database Class Loader started - derby.database.classpath=''
----------------------------------------------------------------
Fri Jul 12 21:01:27 MDT 2013:
Shutting down instance 9bc58ce4-013f-d5f9-b3d1-000003c543c0 on database directory memory:/Users/atrimble/Software/CTAMS/CTAMSCommon/ctams_test with class loader sun.misc.Launcher$AppClassLoader@5e7d093a 
----------------------------------------------------------------
Fri Jul 12 21:01:27 MDT 2013:
Booting Derby version The Apache Software Foundation - Apache Derby - 10.10.1.1 - (1458268): instance 66bc0e20-013f-d5f9-b3d1-000003c543c0 
on database directory memory:/Users/atrimble/Software/CTAMS/CTAMSCommon/ctams_test with class loader sun.misc.Launcher$AppClassLoader@5e7d093a 
Loaded from file:/Users/atrimble/.m2/repository/org/apache/derby/derby/10.10.1.1/derby-10.10.1.1.jar
java.vendor=Oracle Corporation
java.runtime.version=1.7.0_17-b02
user.dir=/Users/atrimble/Software/CTAMS/CTAMSCommon
os.name=Mac OS X
os.arch=x86_64
os.version=10.8.4
derby.system.home=null
Database Class Loader started - derby.database.classpath=''
----------------------------------------------------------------
Fri Jul 12 21:01:27 MDT 2013:
Shutting down instance 66bc0e20-013f-d5f9-b3d1-000003c543c0 on database directory memory:/Users/atrimble/Software/CTAMS/CTAMSCommon/ctams_test with class loader sun.misc.Launcher$AppClassLoader@5e7d093a 
----------------------------------------------------------------
Fri Jul 12 21:01:27 MDT 2013:
Booting Derby version The Apache Software Foundation - Apache Derby - 10.10.1.1 - (1458268): instance e6bc4f5f-013f-d5f9-b3d1-000003c543c0 
on database directory memory:/Users/atrimble/Software/CTAMS/CTAMSCommon/ctams_test with class loader sun.misc.Launcher$AppClassLoader@5e7d093a 
Loaded from file:/Users/atrimble/.m2/repository/org/apache/derby/derby/10.10.1.1/derby-10.10.1.1.jar
java.vendor=Oracle Corporation
java.runtime.version=1.7.0_17-b02
user.dir=/Users/atrimble/Software/CTAMS/CTAMSCommon
os.name=Mac OS X
os.arch=x86_64
os.version=10.8.4
derby.system.home=null
Database Class Loader started - derby.database.classpath=''
----------------------------------------------------------------
Fri Jul 12 21:01:28 MDT 2013:
Shutting down instance e6bc4f5f-013f-d5f9-b3d1-000003c543c0 on database directory memory:/Users/atrimble/Software/CTAMS/CTAMSCommon/ctams_test with class loader sun.misc.Launcher$AppClassLoader@5e7d093a 
